<?xml version="1.0" encoding="UTF-8"?>
<testng-results skipped="0" failed="0" ignored="0" total="1" passed="1">
  <reporter-output>
  </reporter-output>
  <suite name="Default suite" duration-ms="103086" started-at="2018-07-11T03:06:21Z" finished-at="2018-07-11T03:08:04Z">
    <groups>
    </groups>
    <test name="Default test" duration-ms="103086" started-at="2018-07-11T03:06:21Z" finished-at="2018-07-11T03:08:04Z">
      <class name="shoppingBag.VerifyShoppingBagCount">
        <test-method status="PASS" signature="loadEnvironment()[pri:0, instance:shoppingBag.VerifyShoppingBagCount@7cea0110]" name="loadEnvironment" is-config="true" duration-ms="140" started-at="2018-07-11T03:06:21Z" finished-at="2018-07-11T03:06:21Z">
          <reporter-output>
          </reporter-output>
        </test-method> <!-- loadEnvironment -->
        <test-method status="PASS" signature="testSetUp()[pri:0, instance:shoppingBag.VerifyShoppingBagCount@7cea0110]" name="testSetUp" is-config="true" duration-ms="85984" started-at="2018-07-11T03:06:21Z" finished-at="2018-07-11T03:07:47Z">
          <reporter-output>
          </reporter-output>
        </test-method> <!-- testSetUp -->
        <test-method status="PASS" signature="testVerifyShoppingBagCount()[pri:0, instance:shoppingBag.VerifyShoppingBagCount@7cea0110]" name="testVerifyShoppingBagCount" duration-ms="14986" started-at="2018-07-11T03:07:47Z" finished-at="2018-07-11T03:08:02Z">
          <reporter-output>
          </reporter-output>
        </test-method> <!-- testVerifyShoppingBagCount -->
        <test-method status="PASS" signature="tearDown()[pri:0, instance:shoppingBag.VerifyShoppingBagCount@7cea0110]" name="tearDown" is-config="true" duration-ms="1283" started-at="2018-07-11T03:08:03Z" finished-at="2018-07-11T03:08:04Z">
          <reporter-output>
          </reporter-output>
        </test-method> <!-- tearDown -->
        <test-method status="PASS" signature="clearEnvironment()[pri:0, instance:shoppingBag.VerifyShoppingBagCount@7cea0110]" name="clearEnvironment" is-config="true" duration-ms="2" started-at="2018-07-11T03:08:04Z" finished-at="2018-07-11T03:08:04Z">
          <reporter-output>
          </reporter-output>
        </test-method> <!-- clearEnvironment -->
      </class> <!-- shoppingBag.VerifyShoppingBagCount -->
    </test> <!-- Default test -->
  </suite> <!-- Default suite -->
</testng-results>
