<?xml version="1.0" encoding="UTF-8"?>
<testng-results skipped="0" failed="0" ignored="0" total="1" passed="1">
  <reporter-output>
  </reporter-output>
  <suite name="Default suite" duration-ms="138883" started-at="2018-07-13T13:51:19Z" finished-at="2018-07-13T13:53:38Z">
    <groups>
      <group name="ExampleGroupName">
        <method signature="VerifyShoppingBagCount.testVerifyShoppingBagCount()[pri:0, instance:shoppingBag.VerifyShoppingBagCount@5e13f156]" name="testVerifyShoppingBagCount" class="shoppingBag.VerifyShoppingBagCount"/>
      </group> <!-- ExampleGroupName -->
    </groups>
    <test name="Default test" duration-ms="138883" started-at="2018-07-13T13:51:19Z" finished-at="2018-07-13T13:53:38Z">
      <class name="shoppingBag.VerifyShoppingBagCount">
        <test-method status="PASS" signature="loadDeviceAndLogger()[pri:0, instance:shoppingBag.VerifyShoppingBagCount@5e13f156]" name="loadDeviceAndLogger" is-config="true" duration-ms="81" started-at="2018-07-13T13:51:19Z" finished-at="2018-07-13T13:51:19Z">
          <reporter-output>
          </reporter-output>
        </test-method> <!-- loadDeviceAndLogger -->
        <test-method status="PASS" signature="testSetUp()[pri:0, instance:shoppingBag.VerifyShoppingBagCount@5e13f156]" name="testSetUp" is-config="true" duration-ms="36414" started-at="2018-07-13T13:51:19Z" finished-at="2018-07-13T13:51:56Z">
          <reporter-output>
          </reporter-output>
        </test-method> <!-- testSetUp -->
        <test-method status="PASS" signature="testVerifyShoppingBagCount()[pri:0, instance:shoppingBag.VerifyShoppingBagCount@5e13f156]" name="testVerifyShoppingBagCount" duration-ms="101997" started-at="2018-07-13T13:51:56Z" finished-at="2018-07-13T13:53:38Z">
          <reporter-output>
          </reporter-output>
        </test-method> <!-- testVerifyShoppingBagCount -->
        <test-method status="PASS" signature="afterTest()[pri:0, instance:shoppingBag.VerifyShoppingBagCount@5e13f156]" name="afterTest" is-config="true" duration-ms="2" started-at="2018-07-13T13:53:38Z" finished-at="2018-07-13T13:53:38Z">
          <reporter-output>
          </reporter-output>
        </test-method> <!-- afterTest -->
        <test-method status="PASS" signature="tearDown()[pri:0, instance:shoppingBag.VerifyShoppingBagCount@5e13f156]" name="tearDown" is-config="true" duration-ms="1" started-at="2018-07-13T13:53:38Z" finished-at="2018-07-13T13:53:38Z">
          <reporter-output>
          </reporter-output>
        </test-method> <!-- tearDown -->
        <test-method status="PASS" signature="flushEnvironmentVariables()[pri:0, instance:shoppingBag.VerifyShoppingBagCount@5e13f156]" name="flushEnvironmentVariables" is-config="true" duration-ms="4" started-at="2018-07-13T13:53:38Z" finished-at="2018-07-13T13:53:38Z">
          <reporter-output>
          </reporter-output>
        </test-method> <!-- flushEnvironmentVariables -->
      </class> <!-- shoppingBag.VerifyShoppingBagCount -->
    </test> <!-- Default test -->
  </suite> <!-- Default suite -->
</testng-results>
